Using pre-set license
Built from '2022.3/staging' branch; Version is '2022.3.13f1 (5f90a5ebde0f) revision 6262949'; Using compiler version '192829333'; Build Type 'Release'
OS: 'Windows 10  (10.0.19042) 64bit ProfessionalWorkstation' Language: 'en' Physical Memory: 7955 MB
BatchMode: 1, IsHumanControllingUs: 0, StartBugReporterOnCrash: 0, Is64bit: 1, IsPro: 1

COMMAND LINE ARGUMENTS:
E:\2022.3.13f1\Editor\Unity.exe
-adb2
-batchMode
-noUpm
-name
AssetImportWorker0
-projectPath
E:/demogame/TestShop2
-logFile
Logs/AssetImportWorker0.log
-srvPort
60944
Successfully changed project path to: E:/demogame/TestShop2
E:/demogame/TestShop2
[UnityMemory] Configuration Parameters - Can be set up in boot.config
    "memorysetup-bucket-allocator-granularity=16"
    "memorysetup-bucket-allocator-bucket-count=8"
    "memorysetup-bucket-allocator-block-size=33554432"
    "memorysetup-bucket-allocator-block-count=8"
    "memorysetup-main-allocator-block-size=16777216"
    "memorysetup-thread-allocator-block-size=16777216"
    "memorysetup-gfx-main-allocator-block-size=16777216"
    "memorysetup-gfx-thread-allocator-block-size=16777216"
    "memorysetup-cache-allocator-block-size=4194304"
    "memorysetup-typetree-allocator-block-size=2097152"
    "memorysetup-profiler-bucket-allocator-granularity=16"
    "memorysetup-profiler-bucket-allocator-bucket-count=8"
    "memorysetup-profiler-bucket-allocator-block-size=33554432"
    "memorysetup-profiler-bucket-allocator-block-count=8"
    "memorysetup-profiler-allocator-block-size=16777216"
    "memorysetup-profiler-editor-allocator-block-size=1048576"
    "memorysetup-temp-allocator-size-main=16777216"
    "memorysetup-job-temp-allocator-block-size=2097152"
    "memorysetup-job-temp-allocator-block-size-background=1048576"
    "memorysetup-job-temp-allocator-reduction-small-platforms=262144"
    "memorysetup-allocator-temp-initial-block-size-main=262144"
    "memorysetup-allocator-temp-initial-block-size-worker=262144"
    "memorysetup-temp-allocator-size-background-worker=32768"
    "memorysetup-temp-allocator-size-job-worker=262144"
    "memorysetup-temp-allocator-size-preload-manager=33554432"
    "memorysetup-temp-allocator-size-nav-mesh-worker=65536"
    "memorysetup-temp-allocator-size-audio-worker=65536"
    "memorysetup-temp-allocator-size-cloud-worker=32768"
    "memorysetup-temp-allocator-size-gi-baking-worker=262144"
    "memorysetup-temp-allocator-size-gfx=262144"
Player connection [19848] Host "[IP] 172.21.32.1 [Port] 0 [Flags] 2 [Guid] 1452100017 [EditorId] 1452100017 [Version] 1048832 [Id] WindowsEditor(7,DESKTOP-E3A0H28) [Debug] 1 [PackageName] WindowsEditor [ProjectName] Editor" joined multi-casting on [225.0.0.222:54997]...

Player connection [19848] Host "[IP] 172.21.32.1 [Port] 0 [Flags] 2 [Guid] 1452100017 [EditorId] 1452100017 [Version] 1048832 [Id] WindowsEditor(7,DESKTOP-E3A0H28) [Debug] 1 [PackageName] WindowsEditor [ProjectName] Editor" joined alternative multi-casting on [225.0.0.222:34997]...

[Physics::Module] Initialized MultithreadedJobDispatcher with 11 workers.
Refreshing native plugins compatible for Editor in 12.19 ms, found 3 plugins.
Preloading 0 native plugins for Editor in 0.00 ms.
Initialize engine version: 2022.3.13f1 (5f90a5ebde0f)
[Subsystems] Discovering subsystems at path E:/2022.3.13f1/Editor/Data/Resources/UnitySubsystems
[Subsystems] Discovering subsystems at path E:/demogame/TestShop2/Assets
GfxDevice: creating device client; threaded=0; jobified=0
Direct3D:
    Version:  Direct3D 11.0 [level 11.1]
    Renderer: NVIDIA GeForce GTX 1650 (ID=0x1f9d)
    Vendor:   NVIDIA
    VRAM:     3962 MB
    Driver:   27.21.14.6262
Initialize mono
Mono path[0] = 'E:/2022.3.13f1/Editor/Data/Managed'
Mono path[1] = 'E:/2022.3.13f1/Editor/Data/MonoBleedingEdge/lib/mono/unityjit-win32'
Mono config path = 'E:/2022.3.13f1/Editor/Data/MonoBleedingEdge/etc'
Using monoOptions --debugger-agent=transport=dt_socket,embedding=1,server=y,suspend=n,address=127.0.0.1:56796
Begin MonoManager ReloadAssembly
Registering precompiled unity dll's ...
Register platform support module: E:/2022.3.13f1/Editor/Data/PlaybackEngines/WebGLSupport/UnityEditor.WebGL.Extensions.dll
Register platform support module: E:/2022.3.13f1/Editor/Data/PlaybackEngines/WindowsStandaloneSupport/UnityEditor.WindowsStandalone.Extensions.dll
Registered in 0.005704 seconds.
- Loaded All Assemblies, in  0.345 seconds
Native extension for WindowsStandalone target not found
Native extension for WebGL target not found
Mono: successfully reloaded assembly
- Finished resetting the current domain, in  0.239 seconds
Domain Reload Profiling: 584ms
	BeginReloadAssembly (127ms)
		ExecutionOrderSort (0ms)
		DisableScriptedObjects (0ms)
		BackupInstance (0ms)
		ReleaseScriptingObjects (0ms)
		CreateAndSetChildDomain (1ms)
	RebuildCommonClasses (31ms)
	RebuildNativeTypeToScriptingClass (9ms)
	initialDomainReloadingComplete (54ms)
	LoadAllAssembliesAndSetupDomain (122ms)
		LoadAssemblies (127ms)
		RebuildTransferFunctionScriptingTraits (0ms)
		AnalyzeDomain (121ms)
			TypeCache.Refresh (119ms)
				TypeCache.ScanAssembly (107ms)
			ScanForSourceGeneratedMonoScriptInfo (0ms)
			ResolveRequiredComponents (0ms)
	FinalizeReload (239ms)
		ReleaseScriptCaches (0ms)
		RebuildScriptCaches (0ms)
		SetupLoadedEditorAssemblies (185ms)
			LogAssemblyErrors (0ms)
			InitializePlatformSupportModulesInManaged (7ms)
			SetLoadedEditorAssemblies (5ms)
			RefreshPlugins (0ms)
			BeforeProcessingInitializeOnLoad (2ms)
			ProcessInitializeOnLoadAttributes (130ms)
			ProcessInitializeOnLoadMethodAttributes (40ms)
			AfterProcessingInitializeOnLoad (0ms)
			EditorAssembliesLoaded (0ms)
		ExecutionOrderSort2 (0ms)
		AwakeInstancesAfterBackupRestoration (0ms)
========================================================================
Worker process is ready to serve import requests
Begin MonoManager ReloadAssembly
- Loaded All Assemblies, in  0.826 seconds
Refreshing native plugins compatible for Editor in 2.24 ms, found 3 plugins.
Native extension for WindowsStandalone target not found
Native extension for WebGL target not found
Package Manager log level set to [2]
[Package Manager] Server::EnsureServerProcessIsRunning -- launch failed, reason: Unity was launched with the -noUpm command-line argument
[Package Manager] UpmClient::Send -- Unable to send message (not connected to UPM process).
[Package Manager] Cannot connect to Unity Package Manager local server
Mono: successfully reloaded assembly
- Finished resetting the current domain, in  0.704 seconds
Domain Reload Profiling: 1532ms
	BeginReloadAssembly (200ms)
		ExecutionOrderSort (0ms)
		DisableScriptedObjects (8ms)
		BackupInstance (0ms)
		ReleaseScriptingObjects (0ms)
		CreateAndSetChildDomain (30ms)
	RebuildCommonClasses (33ms)
	RebuildNativeTypeToScriptingClass (9ms)
	initialDomainReloadingComplete (39ms)
	LoadAllAssembliesAndSetupDomain (544ms)
		LoadAssemblies (461ms)
		RebuildTransferFunctionScriptingTraits (0ms)
		AnalyzeDomain (190ms)
			TypeCache.Refresh (170ms)
				TypeCache.ScanAssembly (151ms)
			ScanForSourceGeneratedMonoScriptInfo (14ms)
			ResolveRequiredComponents (4ms)
	FinalizeReload (706ms)
		ReleaseScriptCaches (0ms)
		RebuildScriptCaches (0ms)
		SetupLoadedEditorAssemblies (508ms)
			LogAssemblyErrors (0ms)
			InitializePlatformSupportModulesInManaged (8ms)
			SetLoadedEditorAssemblies (5ms)
			RefreshPlugins (0ms)
			BeforeProcessingInitializeOnLoad (81ms)
			ProcessInitializeOnLoadAttributes (384ms)
			ProcessInitializeOnLoadMethodAttributes (28ms)
			AfterProcessingInitializeOnLoad (2ms)
			EditorAssembliesLoaded (0ms)
		ExecutionOrderSort2 (0ms)
		AwakeInstancesAfterBackupRestoration (8ms)
Launched and connected shader compiler UnityShaderCompiler.exe after 0.04 seconds
Refreshing native plugins compatible for Editor in 2.59 ms, found 3 plugins.
Preloading 0 native plugins for Editor in 0.00 ms.
Unloading 3102 Unused Serialized files (Serialized files now loaded: 0)
Unloading 32 unused Assets / (56.8 KB). Loaded Objects now: 3565.
Memory consumption went from 126.2 MB to 126.2 MB.
Total: 7.348800 ms (FindLiveObjects: 0.809100 ms CreateObjectMapping: 0.700300 ms MarkObjects: 5.602500 ms  DeleteObjects: 0.231200 ms)

AssetImportParameters requested are different than current active one (requested -> active):
  custom:container-demuxer-ogg: 62fdf1f143b41e24485cea50d1cbac27 -> 
  custom:video-decoder-ogg-theora: a1e56fd34408186e4bbccfd4996cb3dc -> 
  custom:framework-win-MediaFoundation: 216162199b28c13a410421893ffa2e32 -> 
  custom:CustomObjectIndexerAttribute: 756ad292c208cfabdd7b50bc23989ffe -> 
  custom:container-demuxer-webm: 4f35f7cbe854078d1ac9338744f61a02 -> 
  custom:container-muxer-webm: aa71ff27fc2769a1b78a27578f13a17b -> 
  custom:video-decoder-webm-vp8: 9c59270c3fd7afecdb556c50c9e8de78 -> 
  custom:SearchIndexIgnoredProperties: e643bd26f0fe6173181afceb89e7c659 -> 
  custom:AudioImporter_EditorPlatform: d09bf68614088b80899f8185d706f6e7 -> 
  custom:video-encoder-webm-vp8: eb34c28f22e8b96e1ab97ce403110664 -> 
  custom:audio-decoder-ogg-vorbis: bf7c407c2cedff20999df2af8eb42d56 -> 
  custom:audio-encoder-webm-vorbis: bf7c407c2cedff20999df2af8eb42d56 -> 
========================================================================
Received Import Request.
  Time since last request: 11525.321201 seconds.
  path: Assets/Prefabs
  artifactKey: Guid(5421c7019fd42be49ae7d75d00c6a1cc) Importer(815301076,1909f56bfc062723c751e8b465ee728b)
Start importing Assets/Prefabs using Guid(5421c7019fd42be49ae7d75d00c6a1cc) Importer(815301076,1909f56bfc062723c751e8b465ee728b)  -> (artifact id: 'd1c3aa50317c4a38204561f93c49c13d') in 0.004645 seconds
Number of updated asset objects reloaded before import = 0
Number of asset objects unloaded after import = 0
========================================================================
Received Import Request.
  Time since last request: 68.235835 seconds.
  path: Assets/Asset-20240115T140018Z-001/Asset/Internship_BT4_MoveStopMove-20221110T015023Z-001/Internship_BT4_MoveStopMove/3D/CharSkin/Hair/Cowboy.fbx
  artifactKey: Guid(6537ced4ee7a47447b8b3617767b4ef0) Importer(815301076,1909f56bfc062723c751e8b465ee728b)
Start importing Assets/Asset-20240115T140018Z-001/Asset/Internship_BT4_MoveStopMove-20221110T015023Z-001/Internship_BT4_MoveStopMove/3D/CharSkin/Hair/Cowboy.fbx using Guid(6537ced4ee7a47447b8b3617767b4ef0) Importer(815301076,1909f56bfc062723c751e8b465ee728b)  -> (artifact id: 'f21690a0dd7acbed33b5a5590b50a19c') in 0.177045 seconds
Number of updated asset objects reloaded before import = 0
Number of asset objects unloaded after import = 7
========================================================================
Received Import Request.
  Time since last request: 0.000030 seconds.
  path: Assets/Asset-20240115T140018Z-001/Asset/Internship_BT4_MoveStopMove-20221110T015023Z-001/Internship_BT4_MoveStopMove/3D/CharSkin/SetFull/Set 5/Hat_Thor.fbx
  artifactKey: Guid(29721c95c9068e149b0d86bf6039157c) Importer(815301076,1909f56bfc062723c751e8b465ee728b)
Start importing Assets/Asset-20240115T140018Z-001/Asset/Internship_BT4_MoveStopMove-20221110T015023Z-001/Internship_BT4_MoveStopMove/3D/CharSkin/SetFull/Set 5/Hat_Thor.fbx using Guid(29721c95c9068e149b0d86bf6039157c) Importer(815301076,1909f56bfc062723c751e8b465ee728b)  -> (artifact id: '1dd99c6506c09459222dcefa37b7b1fa') in 0.024338 seconds
Number of updated asset objects reloaded before import = 0
Number of asset objects unloaded after import = 7
========================================================================
Received Import Request.
  Time since last request: 0.000079 seconds.
  path: Assets/Asset-20240115T140018Z-001/Asset/Internship_BT4_MoveStopMove-20221110T015023Z-001/Internship_BT4_MoveStopMove/3D/CharSkin/SetFull/Set 2/bow_angle.fbx
  artifactKey: Guid(3669165c82aa71349bdeecc61a63fd7f) Importer(815301076,1909f56bfc062723c751e8b465ee728b)
Start importing Assets/Asset-20240115T140018Z-001/Asset/Internship_BT4_MoveStopMove-20221110T015023Z-001/Internship_BT4_MoveStopMove/3D/CharSkin/SetFull/Set 2/bow_angle.fbx using Guid(3669165c82aa71349bdeecc61a63fd7f) Importer(815301076,1909f56bfc062723c751e8b465ee728b)  -> (artifact id: 'c5880024869417a69e3fab80ec0a7f14') in 0.041330 seconds
Number of updated asset objects reloaded before import = 0
Number of asset objects unloaded after import = 7
========================================================================
Received Import Request.
  Time since last request: 0.000108 seconds.
  path: Assets/Asset-20240115T140018Z-001/Asset/Internship_BT4_MoveStopMove-20221110T015023Z-001/Internship_BT4_MoveStopMove/3D/CharSkin/Hair/Rau.fbx
  artifactKey: Guid(e6f363834ca6cbe4d8f7406f075bc138) Importer(815301076,1909f56bfc062723c751e8b465ee728b)
Start importing Assets/Asset-20240115T140018Z-001/Asset/Internship_BT4_MoveStopMove-20221110T015023Z-001/Internship_BT4_MoveStopMove/3D/CharSkin/Hair/Rau.fbx using Guid(e6f363834ca6cbe4d8f7406f075bc138) Importer(815301076,1909f56bfc062723c751e8b465ee728b)  -> (artifact id: '7c3718c6ac4726be1ca62c1904a74342') in 0.020354 seconds
Number of updated asset objects reloaded before import = 0
Number of asset objects unloaded after import = 7
========================================================================
Received Import Request.
  Time since last request: 0.000019 seconds.
  path: Assets/Asset-20240115T140018Z-001/Asset/Internship_BT4_MoveStopMove-20221110T015023Z-001/Internship_BT4_MoveStopMove/3D/CharSkin/SetFull/Set 3/book_witch.fbx
  artifactKey: Guid(6bf29483804225f4d9ac3ff3263ec925) Importer(815301076,1909f56bfc062723c751e8b465ee728b)
Start importing Assets/Asset-20240115T140018Z-001/Asset/Internship_BT4_MoveStopMove-20221110T015023Z-001/Internship_BT4_MoveStopMove/3D/CharSkin/SetFull/Set 3/book_witch.fbx using Guid(6bf29483804225f4d9ac3ff3263ec925) Importer(815301076,1909f56bfc062723c751e8b465ee728b)  -> (artifact id: 'ddd50b70e8e1141da25cf40708b881d9') in 0.033016 seconds
Number of updated asset objects reloaded before import = 0
Number of asset objects unloaded after import = 7
========================================================================
Received Import Request.
  Time since last request: 0.000025 seconds.
  path: Assets/Asset-20240115T140018Z-001/Asset/Internship_BT4_MoveStopMove-20221110T015023Z-001/Internship_BT4_MoveStopMove/3D/CharSkin/Hair/Ear.fbx
  artifactKey: Guid(c1c5ce61f93679c4fb788a3adf1c9064) Importer(815301076,1909f56bfc062723c751e8b465ee728b)
Start importing Assets/Asset-20240115T140018Z-001/Asset/Internship_BT4_MoveStopMove-20221110T015023Z-001/Internship_BT4_MoveStopMove/3D/CharSkin/Hair/Ear.fbx using Guid(c1c5ce61f93679c4fb788a3adf1c9064) Importer(815301076,1909f56bfc062723c751e8b465ee728b)  -> (artifact id: 'b1e913f6ff6c37d7dd5ba996c4a26a59') in 0.021202 seconds
Number of updated asset objects reloaded before import = 0
Number of asset objects unloaded after import = 7
========================================================================
Received Import Request.
  Time since last request: 0.000019 seconds.
  path: Assets/Asset-20240115T140018Z-001/Asset/Internship_BT4_MoveStopMove-20221110T015023Z-001/Internship_BT4_MoveStopMove/3D/CharSkin/SetFull/Set 1/tail_devil.fbx
  artifactKey: Guid(11b8cec584ec01c4c90f33b4ee17a0c5) Importer(815301076,1909f56bfc062723c751e8b465ee728b)
Start importing Assets/Asset-20240115T140018Z-001/Asset/Internship_BT4_MoveStopMove-20221110T015023Z-001/Internship_BT4_MoveStopMove/3D/CharSkin/SetFull/Set 1/tail_devil.fbx using Guid(11b8cec584ec01c4c90f33b4ee17a0c5) Importer(815301076,1909f56bfc062723c751e8b465ee728b)  -> (artifact id: '82b9b7ee5799080a0ba6239910f35122') in 0.030684 seconds
Number of updated asset objects reloaded before import = 0
Number of asset objects unloaded after import = 7
========================================================================
Received Import Request.
  Time since last request: 0.000084 seconds.
  path: Assets/Asset-20240115T140018Z-001/Asset/Internship_BT4_MoveStopMove-20221110T015023Z-001/Internship_BT4_MoveStopMove/3D/CharSkin/Hair/Hat_Cap.fbx
  artifactKey: Guid(72e9b270471e48a479051d3b196a7e06) Importer(815301076,1909f56bfc062723c751e8b465ee728b)
Start importing Assets/Asset-20240115T140018Z-001/Asset/Internship_BT4_MoveStopMove-20221110T015023Z-001/Internship_BT4_MoveStopMove/3D/CharSkin/Hair/Hat_Cap.fbx using Guid(72e9b270471e48a479051d3b196a7e06) Importer(815301076,1909f56bfc062723c751e8b465ee728b)  -> (artifact id: 'fd6a0aee7e8b22e2a10dc40d29f76470') in 0.021745 seconds
Number of updated asset objects reloaded before import = 0
Number of asset objects unloaded after import = 7
========================================================================
Received Import Request.
  Time since last request: 0.000035 seconds.
  path: Assets/Asset-20240115T140018Z-001/Asset/Internship_BT4_MoveStopMove-20221110T015023Z-001/Internship_BT4_MoveStopMove/3D/CharSkin/Shield/Shield.fbx
  artifactKey: Guid(737898d9667e13b42b113e02760da33a) Importer(815301076,1909f56bfc062723c751e8b465ee728b)
Start importing Assets/Asset-20240115T140018Z-001/Asset/Internship_BT4_MoveStopMove-20221110T015023Z-001/Internship_BT4_MoveStopMove/3D/CharSkin/Shield/Shield.fbx using Guid(737898d9667e13b42b113e02760da33a) Importer(815301076,1909f56bfc062723c751e8b465ee728b)  -> (artifact id: '60d17ff2dd63c8afe360367a3f2f6443') in 0.022514 seconds
Number of updated asset objects reloaded before import = 0
Number of asset objects unloaded after import = 7
========================================================================
Received Import Request.
  Time since last request: 0.000022 seconds.
  path: Assets/Asset-20240115T140018Z-001/Asset/Internship_BT4_MoveStopMove-20221110T015023Z-001/Internship_BT4_MoveStopMove/3D/CharSkin/Shield/Khien.fbx
  artifactKey: Guid(abacd27a29db41e4ba28b7701abd7878) Importer(815301076,1909f56bfc062723c751e8b465ee728b)
Start importing Assets/Asset-20240115T140018Z-001/Asset/Internship_BT4_MoveStopMove-20221110T015023Z-001/Internship_BT4_MoveStopMove/3D/CharSkin/Shield/Khien.fbx using Guid(abacd27a29db41e4ba28b7701abd7878) Importer(815301076,1909f56bfc062723c751e8b465ee728b)  -> (artifact id: '314ff707ca945754e7966ea36d0fb9de') in 0.025127 seconds
Number of updated asset objects reloaded before import = 0
Number of asset objects unloaded after import = 7
========================================================================
Received Import Request.
  Time since last request: 0.000039 seconds.
  path: Assets/Asset-20240115T140018Z-001/Asset/Internship_BT4_MoveStopMove-20221110T015023Z-001/Internship_BT4_MoveStopMove/3D/CharSkin/SetFull/Set 2/head_angle.fbx
  artifactKey: Guid(1fec1600e289b98468c51e0c2e88c3d6) Importer(815301076,1909f56bfc062723c751e8b465ee728b)
Start importing Assets/Asset-20240115T140018Z-001/Asset/Internship_BT4_MoveStopMove-20221110T015023Z-001/Internship_BT4_MoveStopMove/3D/CharSkin/SetFull/Set 2/head_angle.fbx using Guid(1fec1600e289b98468c51e0c2e88c3d6) Importer(815301076,1909f56bfc062723c751e8b465ee728b)  -> (artifact id: '38e60535cad759c3301b5620a8118ffd') in 0.024138 seconds
Number of updated asset objects reloaded before import = 0
Number of asset objects unloaded after import = 7
========================================================================
Received Import Request.
  Time since last request: 0.000044 seconds.
  path: Assets/Asset-20240115T140018Z-001/Asset/Internship_BT4_MoveStopMove-20221110T015023Z-001/Internship_BT4_MoveStopMove/3D/CharSkin/Hair/Hat.fbx
  artifactKey: Guid(f41c08491d7377d4485a120303447111) Importer(815301076,1909f56bfc062723c751e8b465ee728b)
Start importing Assets/Asset-20240115T140018Z-001/Asset/Internship_BT4_MoveStopMove-20221110T015023Z-001/Internship_BT4_MoveStopMove/3D/CharSkin/Hair/Hat.fbx using Guid(f41c08491d7377d4485a120303447111) Importer(815301076,1909f56bfc062723c751e8b465ee728b)  -> (artifact id: 'b386c1cdc7cfc343a58546919c475095') in 0.030974 seconds
Number of updated asset objects reloaded before import = 0
Number of asset objects unloaded after import = 7
Editor requested this worker to shutdown with reason: Scaling down because of idle timeout
TcpMessagingSession - receive error: operation aborted. errorcode: 995, details: The I/O operation has been aborted because of either a thread exit or an application request.
AssetImportWorker is now disconnected from the server
Process exiting
Exiting without the bug reporter. Application will terminate with return code 0